  Building GameAssembly.dll with MsvcWinRtToolChain
  	Msvc Install Version: 15.0
  	Msvc Install SDK Directory: C:\Program Files (x86)\Windows Kits\10
  	Msvc Linker Path: C:\Program Files (x86)\Microsoft Visual Studio\2019\Community\VC\Tools\MSVC\14.27.29110\bin\HostX64\ARM\link.exe
  	Msvc Compiler Path: C:\Program Files (x86)\Microsoft Visual Studio\2019\Community\VC\Tools\MSVC\14.27.29110\bin\HostX64\ARM\cl.exe
  
  	Output directory: D:\Github Repos\AR-Craft-Worker-Trainer\Hololens Pipe Model\Builds2\build\bin\ARM\Release
  	Cache directory: D:\Github Repos\AR-Craft-Worker-Trainer\Hololens Pipe Model\Builds2\build\obj\il2cppOutputProject\ARM\Release
  Il2CppGenericMethodDefinitions.c
  Il2CppGenericMethodTable.c
  Il2CppGenericClassTable.c
  Il2CppInteropDataTable.cpp
  Il2CppGenericMethodPointerTable.cpp
  Il2CppMetadataUsage.c
  Il2CppCompilerCalculateTypeValues.cpp
  GenericMethods6.cpp
  Il2CppCompilerCalculateTypeValues1.cpp
  Il2CppCompilerCalculateTypeValues2.cpp
  Unity.TextMeshPro.cpp
  GenericMethods10.cpp
  mscorlib_CodeGen.c
  Il2CppInvokerTable.cpp
  Il2CppAttributes.cpp
  Il2CppGenericInstDefinitions.c
  GenericMethods2.cpp
  Microsoft.MixedReality.Toolkit.SDK4.cpp
  Microsoft.MixedReality.Toolkit.SDK3.cpp
  Microsoft.MixedReality.Toolkit.SDK6.cpp
  Microsoft.MixedReality.Toolkit.SDK1.cpp
  Microsoft.MixedReality.Toolkit.SDK5.cpp
  Microsoft.MixedReality.Toolkit.Services.InputSystem.cpp
  Il2CppTypeDefinitions.c
  Microsoft.MixedReality.Toolkit.SDK.cpp
  Unity.TextMeshPro1.cpp
  Generics55.cpp
  UnityEngine.UIElementsModule.cpp
  mscorlib3.cpp
  Vuforia.UnityExtensions2.cpp
  Generics9.cpp
  Generics3.cpp
  Microsoft.MixedReality.Toolkit1.cpp
  mscorlib13.cpp
  Vuforia.UnityExtensions3.cpp
  mscorlib4.cpp
  Microsoft.MixedReality.Toolkit4.cpp
  Generics2.cpp
  UnityEngine.UI.cpp
  Generics26.cpp
  Generics54.cpp
  GenericMethods1.cpp
  Vuforia.UnityExtensions1.cpp
  Vuforia.UnityExtensions.cpp
  GenericMethods11.cpp
  Microsoft.MixedReality.Toolkit.cpp
  Il2CppComCallableWrappers2.cpp
  GenericMethods8.cpp
  Microsoft.MixedReality.Toolkit3.cpp
  Generics10.cpp
  Microsoft.MixedReality.Toolkit2.cpp
  mscorlib10.cpp
  GenericMethods7.cpp
  GenericMethods9.cpp
  mscorlib6.cpp
  Unity.TextMeshPro2.cpp
  Microsoft.MixedReality.Toolkit.SDK2.cpp
  mscorlib12.cpp
  mscorlib2.cpp
  GenericMethods5.cpp
  mscorlib7.cpp
  mscorlib11.cpp
  Generics4.cpp
  Il2CppComCallableWrappers13.cpp
  Generics12.cpp
  Generics63.cpp
  Generics1.cpp
  GenericMethods.cpp
  UnityEngine.UI1.cpp
  Generics11.cpp
  mscorlib.cpp
  Il2CppComCallableWrappers16.cpp
  Generics64.cpp
  mscorlib9.cpp
  mscorlib16.cpp
  UnityEngine.UI2.cpp
  mscorlib1.cpp
  UnresolvedVirtualCallStubs.cpp
  System1.cpp
  Generics57.cpp
  Generics67.cpp
  Generics.cpp
  Generics33.cpp
  Generics44.cpp
  GenericMethods4.cpp
  Il2CppComCallableWrappers23.cpp
  mscorlib14.cpp
  Generics31.cpp
  Il2CppComCallableWrappers30.cpp
  Generics45.cpp
  mscorlib17.cpp
  UnityEngine.CoreModule1.cpp
  System.cpp
  UnityEngine.CoreModule.cpp
  Il2CppComCallableWrappers.cpp
  mscorlib5.cpp
  mscorlib8.cpp
  Il2CppComCallableWrappers32.cpp
  Il2CppComCallableWrappers37.cpp
  Il2CppComCallableWrappers28.cpp
  Il2CppComCallableWrappers33.cpp
  Il2CppComCallableWrappers35.cpp
  Il2CppComCallableWrappers1.cpp
  Il2CppComCallableWrappers31.cpp
  Il2CppComCallableWrappers22.cpp
  Il2CppComCallableWrappers12.cpp
  Unity.TextMeshPro3.cpp
  Generics56.cpp
  Il2CppComCallableWrappers34.cpp
  Il2CppComCallableWrappers29.cpp
  Generics66.cpp
  mscorlib15.cpp
  GenericMethods12.cpp
  Il2CppComCallableWrappers39.cpp
  Generics65.cpp
  Generics13.cpp
  Generics32.cpp
  Il2CppComCallableWrappers20.cpp
  Il2CppComCallableWrappers19.cpp
  Il2CppComCallableWrappers15.cpp
  Il2CppComCallableWrappers38.cpp
  Il2CppComCallableWrappers14.cpp
  UnityEngine.CoreModule2.cpp
  Generics50.cpp
  Il2CppComCallableWrappers21.cpp
  Generics58.cpp
  Il2CppComCallableWrappers4.cpp
  Il2CppComCallableWrappers24.cpp
  Microsoft.MixedReality.Toolkit.Providers.WindowsMixedReality.cpp
  Il2CppComCallableWrappers26.cpp
  Il2CppComCallableWrappers27.cpp
  Il2CppComCallableWrappers36.cpp
  Generics43.cpp
  Il2CppComCallableWrappers17.cpp
  Il2CppComCallableWrappers6.cpp
  Generics62.cpp
  Il2CppComCallableWrappers8.cpp
  Il2CppComCallableWrappers9.cpp
  Il2CppComCallableWrappers18.cpp
  Generics69.cpp
  Generics47.cpp
  Generics59.cpp
  Generics71.cpp
  Il2CppComCallableWrappers7.cpp
  Generics46.cpp
  Microsoft.MixedReality.Toolkit.Gltf.cpp
  Il2CppComCallableWrappers5.cpp
  Generics68.cpp
  Generics42.cpp
  Il2CppProjectedComCallableWrapperMethods5.cpp
  Generics60.cpp
  Il2CppComCallableWrappers25.cpp
  Generics8.cpp
  Generics38.cpp
  Generics51.cpp
  Generics40.cpp
  Generics34.cpp
  Generics37.cpp
  Generics16.cpp
  Generics48.cpp
  Generics14.cpp
  Generics61.cpp
  Generics49.cpp
  Generics53.cpp
  Generics18.cpp
  Generics17.cpp
  Generics23.cpp
  Generics52.cpp
  Generics25.cpp
  Generics70.cpp
  Generics15.cpp
  Generics39.cpp
  Il2CppComCallableWrappers10.cpp
  Il2CppProjectedComCallableWrapperMethods.cpp
  Generics24.cpp
  Il2CppProjectedComCallableWrapperMethods2.cpp
  Generics22.cpp
  Il2CppComCallableWrappers3.cpp
  Generics29.cpp
  Generics19.cpp
  Il2CppProjectedComCallableWrapperMethods3.cpp
  Generics30.cpp
  Il2CppComCallableWrappers11.cpp
  Assembly-CSharp.cpp
  Generics20.cpp
  Il2CppProjectedComCallableWrapperMethods4.cpp
  Generics5.cpp
  CommonScripts.cpp
  Il2CppProjectedComCallableWrapperMethods1.cpp
  Generics36.cpp
  Generics27.cpp
  Generics28.cpp
  Generics21.cpp
  Generics41.cpp
  Microsoft.MixedReality.Toolkit.SDK_CodeGen.c
  Microsoft.MixedReality.Toolkit.Services.InputSimulation.cpp
  Generics7.cpp
  Generics35.cpp
  GenericMethods3.cpp
  SamplesScripts.cpp
  Il2CppGenericComDefinitions.cpp
  Il2CppComCallableWrappers40.cpp
  WindowsRuntimeMetadata.cpp
  Generics6.cpp
  Vuforia.UnityExtensions4.cpp
  Vuforia.UnityExtensions_CodeGen.c
  Microsoft.MixedReality.Toolkit_CodeGen.c
  I18N.Rare.cpp
  UnityEngine.IMGUIModule.cpp
  Il2CppCompilerCalculateTypeValuesTable.cpp
  UnityEngine.CoreModule_CodeGen.c
  Microsoft.MixedReality.Toolkit.Services.SceneSystem.cpp
  UnityEngine.VRModule.cpp
  Microsoft.MixedReality.Toolkit.SDK7.cpp
  UnityEngine.UI3.cpp
  Microsoft.MixedReality.Toolkit.Providers.XRSDK.cpp
  Il2CppProjectedComCallableWrapperMethods6.cpp
  Microsoft.MixedReality.Toolkit.Services.DiagnosticsSystem.cpp
  I18N.CJK.cpp
  Generics72.cpp
  Microsoft.MixedReality.Toolkit.Services.InputAnimation.cpp
  I18N.West.cpp
  I18N.cpp
  UnityEngine.XRModule.cpp
  Microsoft.MixedReality.Toolkit.Providers.WindowsVoiceInput.cpp
  UnityEngine.UI_CodeGen.c
  UnityEngine.AndroidJNIModule.cpp
  I18N.Rare1.cpp
  Microsoft.MixedReality.Toolkit5.cpp
  UnityEngine.UnityWebRequestModule.cpp
  char-conversions.cpp
  Microsoft.MixedReality.Toolkit.Providers.XRSDK.WindowsMixedReality.cpp
  Unity.TextMeshPro_CodeGen.c
  Microsoft.MixedReality.Toolkit.Services.InputSystem1.cpp
  Microsoft.MixedReality.Toolkit.Providers.WindowsMixedReality.Shared.cpp
  System.Runtime.WindowsRuntime.cpp
  I18N.Other.cpp
  Microsoft.MixedReality.Toolkit.Async.cpp
  UnityEngine.TextCoreModule.cpp
  UnityEngine.AnimationModule.cpp
  System2.cpp
  mscorlib18.cpp
  UnityEngine.UIElementsModule1.cpp
  VuforiaScripts.cpp
  System_CodeGen.c
  UnityEngine.TerrainModule.cpp
  I18N.MidEast.cpp
  UnityEngine.UIElementsModule_CodeGen.c
  UnityEngine.PhysicsModule.cpp
  UnityEngine.TextRenderingModule.cpp
  Microsoft.MixedReality.Toolkit.Services.SpatialAwarenessSystem.cpp
  Microsoft.MixedReality.Toolkit.Services.TeleportSystem.cpp
  UnityEngine.Physics2DModule.cpp
  Microsoft.MixedReality.Toolkit.Services.InputSystem_CodeGen.c
  UnityEngine.UIModule.cpp
  Microsoft.MixedReality.Toolkit.Services.CameraSystem.cpp
  WindowsRuntimeMetadata_CodeGen.c
  UnityEngine.ParticleSystemModule.cpp
  System.Numerics.cpp
  UnityEngine.SharedInternalsModule.cpp
  UnityEngine.AudioModule.cpp
  UnityEngine.IMGUIModule_CodeGen.c
  Microsoft.MixedReality.Toolkit.Services.InputSimulation_CodeGen.c
  UnityEngine.VRModule_CodeGen.c
  UnityEngine.InputLegacyModule.cpp
  Microsoft.MixedReality.Toolkit.Providers.WindowsMixedReality_CodeGen.c
  Mono.Security.cpp
  Microsoft.MixedReality.Toolkit.Services.BoundarySystem.cpp
  UnityEngine.SubsystemsModule.cpp
  I18N.Rare_CodeGen.c
  UnityEngine.VideoModule.cpp
  deflate.c
  Microsoft.MixedReality.Toolkit.Gltf_CodeGen.c
  UnityEngine.UnityAnalyticsModule.cpp
  UnityEngine.VFXModule.cpp
  UnityEngine.TilemapModule.cpp
  UnityEngine.AndroidJNIModule_CodeGen.c
  inflate.c
  I18N.CJK_CodeGen.c
  CommonScripts_CodeGen.c
  Microsoft.MixedReality.Toolkit.Services.SceneSystem_CodeGen.c
  System.Core_CodeGen.c
  trees.c
  SamplesScripts_CodeGen.c
  Microsoft.MixedReality.Toolkit.Services.InputAnimation_CodeGen.c
  System.Configuration.cpp
  System.Runtime.WindowsRuntime_CodeGen.c
  UnityEngine.PhysicsModule_CodeGen.c
  UnityEngine.InputModule.cpp
  Assembly-CSharp_CodeGen.c
  Microsoft.MixedReality.Toolkit.Async_CodeGen.c
  Microsoft.MixedReality.Toolkit.Services.DiagnosticsSystem_CodeGen.c
  UnityEngine.JSONSerializeModule.cpp
  UnityEngine.UnityWebRequestModule_CodeGen.c
  UnityEngine.XRModule_CodeGen.c
  xamarin_getifaddrs.c
  UnityEngine.TextCoreModule_CodeGen.c
  I18N_CodeGen.c
  UnityEngine.AssetBundleModule.cpp
  UnityEngine.AnimationModule_CodeGen.c
  UnityEngine.UIModule_CodeGen.c
  System.Core.cpp
  System.Runtime.WindowsRuntime.UI.Xaml.cpp
  I18N.West_CodeGen.c
  I18N.Other_CodeGen.c
  gzread.c
  UnityEngine.ParticleSystemModule_CodeGen.c
  infback.c
  gzwrite.c
  Microsoft.MixedReality.Toolkit.Providers.XRSDK_CodeGen.c
  Microsoft.MixedReality.Toolkit.Providers.WindowsVoiceInput_CodeGen.c
  UnityEngine.DirectorModule.cpp
  UnityEngine.AIModule.cpp
  UnityEngine.SharedInternalsModule_CodeGen.c
  UnityEngine.AudioModule_CodeGen.c
  Microsoft.MixedReality.Toolkit.Providers.WindowsMixedReality.Shared_CodeGen.c
  UnityEngine.TextRenderingModule_CodeGen.c
  UnityEngine.Physics2DModule_CodeGen.c
  il2cpp-api.cpp
  gzlib.c
  UnityEngine.TerrainModule_CodeGen.c
  Microsoft.MixedReality.Toolkit.Providers.XRSDK.WindowsMixedReality_CodeGen.c
  crc32.c
  inftrees.c
  inffast.c
  UnityEngine.InputLegacyModule_CodeGen.c
  I18N.MidEast_CodeGen.c
  VuforiaScripts_CodeGen.c
  System.Numerics_CodeGen.c
  Microsoft.MixedReality.Toolkit.Services.SpatialAwarenessSystem_CodeGen.c
  Microsoft.MixedReality.Toolkit.Services.TeleportSystem_CodeGen.c
  UnityEngine.VideoModule_CodeGen.c
  UnityEngine.TilemapModule_CodeGen.c
  Il2CppCodeRegistration.cpp
  UnityEngine.SubsystemsModule_CodeGen.c
  UnityEngine.ImageConversionModule.cpp
  zutil.c
  Microsoft.MixedReality.Toolkit.Services.CameraSystem_CodeGen.c
  UnityEngine.UnityAnalyticsModule_CodeGen.c
  Mono.Security_CodeGen.c
  System.Configuration_CodeGen.c
  UnityEngine.InputModule_CodeGen.c
  UnityEngine.VFXModule_CodeGen.c
  adler32.c
  System.Xml.cpp
  UnityEngine.GridModule.cpp
  Microsoft.MixedReality.Toolkit.Services.BoundarySystem_CodeGen.c
  uncompr.c
  compress.c
  System.Runtime.WindowsRuntime.UI.Xaml_CodeGen.c
  UnityEngine.JSONSerializeModule_CodeGen.c
  UnityEngine.AIModule_CodeGen.c
  Il2CppReversePInvokeWrapperTable.cpp
  krait_signal_handler.c
  UnityAdsStubs.cpp
  UnityEngine.DirectorModule_CodeGen.c
  UnityEngine.ImageConversionModule_CodeGen.c
  Il2CppMetadataRegistration.c
  UnityEngine.AssetBundleModule_CodeGen.c
  System.ObjectModel.cpp
  System.Numerics.Vectors.cpp
  System.Runtime.cpp
  System.Runtime.InteropServices.WindowsRuntime.cpp
  UnityEngine.cpp
  UnityEngine.GridModule_CodeGen.c
  Lump_libil2cpp_utils.cpp
  Lump_libil2cpp_metadata.cpp
  il2cpp-benchmark-support.cpp
  System.Numerics.Vectors_CodeGen.c
  System.Runtime.InteropServices.WindowsRuntime_CodeGen.c
  System.Xml_CodeGen.c
  gzclose.c
  System.Runtime_CodeGen.c
  System.ObjectModel_CodeGen.c
  UnityEngine_CodeGen.c
  Lump_libil2cpp_gc.cpp
  Lump_libil2cpp_mono-runtime.cpp
  Lump_libil2cpp_vm-utils.cpp
  Lump_libil2cpp_mono.cpp
  Lump_libil2cpp_icalls.cpp
D:\Github Repos\AR-Craft-Worker-Trainer\Hololens Pipe Model\Builds2\Il2CppOutputProject\IL2CPP\libil2cpp\icalls\mscorlib\System\Type.cpp(282): warning C4834: discarding return value of function with 'nodiscard' attribute
  il2cpp-runtime-stats.cpp
  Lump_libil2cpp_debugger.cpp
  Lump_libil2cpp_codegen.cpp
  gc.c
  Lump_libil2cpp_vm.cpp
  Lump_libil2cpp_os.cpp
  ObjectFiles: 386 of which compiled: 386
  	Time Compile: 9487 milliseconds Unity.TextMeshPro2.cpp
  	Time Compile: 8974 milliseconds Unity.TextMeshPro3.cpp
  	Time Compile: 8435 milliseconds Il2CppComCallableWrappers33.cpp
  	Time Compile: 8015 milliseconds Il2CppTypeDefinitions.c
  	Time Compile: 7897 milliseconds System.cpp
  	Time Compile: 7470 milliseconds Unity.TextMeshPro1.cpp
  	Time Compile: 7440 milliseconds Il2CppComCallableWrappers29.cpp
  	Time Compile: 7254 milliseconds Il2CppComCallableWrappers24.cpp
  	Time Compile: 7164 milliseconds Il2CppComCallableWrappers26.cpp
  	Time Compile: 7119 milliseconds Il2CppComCallableWrappers30.cpp
  Total compilation time: 76535 milliseconds.
  Creating library D:\Github Repos\AR-Craft-Worker-Trainer\Hololens Pipe Model\Builds2\build\obj\il2cppOutputProject\ARM\Release\linkresult_CFC9F2DFDA8800E4E48FE67D01CD27DC\GameAssembly.lib and object D:\Github Repos\AR-Craft-Worker-Trainer\Hololens Pipe Model\Builds2\build\obj\il2cppOutputProject\ARM\Release\linkresult_CFC9F2DFDA8800E4E48FE67D01CD27DC\GameAssembly.exp
  Total link time: 12028 milliseconds.
  Cleaned up 2 object files.
