  Building GameAssembly.dll with MsvcWinRtToolChain
  	Msvc Install Version: 15.0
  	Msvc Install SDK Directory: C:\Program Files (x86)\Windows Kits\10
  	Msvc Linker Path: C:\Program Files (x86)\Microsoft Visual Studio\2019\Community\VC\Tools\MSVC\14.29.30133\bin\HostX64\ARM64\link.exe
  	Msvc Compiler Path: C:\Program Files (x86)\Microsoft Visual Studio\2019\Community\VC\Tools\MSVC\14.29.30133\bin\HostX64\ARM64\cl.exe
  
  	Output directory: C:\Users\colin\Documents\GitHub\AR-Craft-Worker-Trainer\Hololens Pipe Model\Builds2\build\bin\ARM64\Release
  	Cache directory: C:\Users\colin\Documents\GitHub\AR-Craft-Worker-Trainer\Hololens Pipe Model\Builds2\build\obj\il2cppOutputProject\ARM64\Release
  Il2CppGenericMethodTable.c
  Il2CppGenericMethodDefinitions.c
  Il2CppGenericClassTable.c
  Il2CppInteropDataTable.cpp
  Il2CppGenericMethodPointerTable.cpp
  Il2CppCompilerCalculateTypeValues.cpp
  Il2CppCompilerCalculateTypeValues1.cpp
  Il2CppMetadataUsage.c
  GenericMethods6.cpp
  Il2CppCompilerCalculateTypeValues2.cpp
  GenericMethods2.cpp
  GenericMethods10.cpp
  Unity.TextMeshPro.cpp
  Il2CppGenericInstDefinitions.c
  mscorlib_CodeGen.c
  Il2CppInvokerTable.cpp
  Il2CppAttributes.cpp
  Microsoft.MixedReality.Toolkit.SDK4.cpp
  Microsoft.MixedReality.Toolkit.SDK3.cpp
  Microsoft.MixedReality.Toolkit.SDK6.cpp
  Microsoft.MixedReality.Toolkit.SDK1.cpp
  Unity.TextMeshPro1.cpp
  mscorlib3.cpp
  Il2CppTypeDefinitions.c
  Microsoft.MixedReality.Toolkit.SDK.cpp
  Microsoft.MixedReality.Toolkit.SDK5.cpp
  Microsoft.MixedReality.Toolkit.Services.InputSystem.cpp
  UnityEngine.UIElementsModule.cpp
  Generics55.cpp
  Vuforia.UnityExtensions2.cpp
  Generics3.cpp
  Generics9.cpp
  Microsoft.MixedReality.Toolkit4.cpp
  mscorlib4.cpp
  Vuforia.UnityExtensions3.cpp
  Generics26.cpp
  Microsoft.MixedReality.Toolkit1.cpp
  mscorlib13.cpp
  Generics2.cpp
  Generics54.cpp
  UnityEngine.UI.cpp
  Il2CppComCallableWrappers2.cpp
  Microsoft.MixedReality.Toolkit.cpp
  GenericMethods8.cpp
  Vuforia.UnityExtensions1.cpp
  Vuforia.UnityExtensions.cpp
  Generics10.cpp
  mscorlib10.cpp
  GenericMethods11.cpp
  GenericMethods1.cpp
  Microsoft.MixedReality.Toolkit2.cpp
  Microsoft.MixedReality.Toolkit3.cpp
  GenericMethods9.cpp
  GenericMethods7.cpp
  mscorlib6.cpp
  Unity.TextMeshPro2.cpp
  mscorlib7.cpp
  mscorlib12.cpp
  Microsoft.MixedReality.Toolkit.SDK2.cpp
  mscorlib11.cpp
  mscorlib2.cpp
  GenericMethods5.cpp
  Il2CppComCallableWrappers13.cpp
  Generics4.cpp
  Generics12.cpp
  Generics1.cpp
  Generics63.cpp
  GenericMethods.cpp
  Generics11.cpp
  Il2CppComCallableWrappers16.cpp
  UnityEngine.UI1.cpp
  mscorlib.cpp
  mscorlib9.cpp
  mscorlib16.cpp
  Generics64.cpp
  mscorlib1.cpp
  UnityEngine.UI2.cpp
  UnresolvedVirtualCallStubs.cpp
  Generics57.cpp
  Generics.cpp
  System1.cpp
  Generics33.cpp
  GenericMethods4.cpp
  Generics67.cpp
  mscorlib14.cpp
  Generics44.cpp
  Il2CppComCallableWrappers30.cpp
  Generics31.cpp
  Generics45.cpp
  Il2CppComCallableWrappers23.cpp
  mscorlib17.cpp
  UnityEngine.CoreModule1.cpp
  UnityEngine.CoreModule.cpp
  Il2CppComCallableWrappers.cpp
  System.cpp
  Il2CppComCallableWrappers33.cpp
  mscorlib8.cpp
  Il2CppComCallableWrappers28.cpp
  Il2CppComCallableWrappers32.cpp
  Il2CppComCallableWrappers22.cpp
  Il2CppComCallableWrappers35.cpp
  Il2CppComCallableWrappers37.cpp
  mscorlib5.cpp
  Il2CppComCallableWrappers29.cpp
  Il2CppComCallableWrappers1.cpp
  Il2CppComCallableWrappers12.cpp
  Il2CppComCallableWrappers34.cpp
  Unity.TextMeshPro3.cpp
  Generics56.cpp
  Generics66.cpp
  mscorlib15.cpp
  Il2CppComCallableWrappers31.cpp
  Il2CppComCallableWrappers39.cpp
  GenericMethods12.cpp
  Generics13.cpp
  Generics32.cpp
  Generics65.cpp
  Il2CppComCallableWrappers15.cpp
  Il2CppComCallableWrappers20.cpp
  Il2CppComCallableWrappers19.cpp
  Il2CppComCallableWrappers38.cpp
  UnityEngine.CoreModule2.cpp
  Il2CppComCallableWrappers21.cpp
  Generics50.cpp
  Il2CppComCallableWrappers26.cpp
  Il2CppComCallableWrappers24.cpp
  Il2CppComCallableWrappers4.cpp
  Il2CppComCallableWrappers17.cpp
  Il2CppComCallableWrappers36.cpp
  Il2CppComCallableWrappers14.cpp
  Microsoft.MixedReality.Toolkit.Providers.WindowsMixedReality.cpp
  Generics58.cpp
  Generics69.cpp
  Il2CppComCallableWrappers8.cpp
  Generics62.cpp
  Generics43.cpp
  Il2CppComCallableWrappers6.cpp
  Il2CppComCallableWrappers27.cpp
  Il2CppComCallableWrappers5.cpp
  Il2CppComCallableWrappers18.cpp
  Generics59.cpp
  Il2CppComCallableWrappers7.cpp
  Generics71.cpp
  Il2CppComCallableWrappers9.cpp
  Generics68.cpp
  Generics46.cpp
  Generics47.cpp
  Generics42.cpp
  Microsoft.MixedReality.Toolkit.Gltf.cpp
  Il2CppComCallableWrappers25.cpp
  Generics8.cpp
  Generics40.cpp
  Generics60.cpp
  Generics16.cpp
  Assembly-CSharp.cpp
  Il2CppProjectedComCallableWrapperMethods5.cpp
  Generics48.cpp
  Generics38.cpp
  Generics34.cpp
  Generics51.cpp
  Generics37.cpp
  Generics18.cpp
  Generics61.cpp
  Generics14.cpp
  Generics23.cpp
  Generics17.cpp
  Generics49.cpp
  Generics53.cpp
  Generics25.cpp
  Generics52.cpp
  Generics39.cpp
  Generics70.cpp
  Generics15.cpp
  Generics22.cpp
  Il2CppComCallableWrappers10.cpp
  Il2CppProjectedComCallableWrapperMethods.cpp
  Generics19.cpp
  Generics24.cpp
  Il2CppComCallableWrappers3.cpp
  Generics30.cpp
  Il2CppProjectedComCallableWrapperMethods2.cpp
  Generics29.cpp
  Il2CppComCallableWrappers11.cpp
  Generics21.cpp
  Generics20.cpp
  Il2CppProjectedComCallableWrapperMethods3.cpp
  Il2CppProjectedComCallableWrapperMethods4.cpp
  Generics27.cpp
  Generics5.cpp
  CommonScripts.cpp
  Il2CppProjectedComCallableWrapperMethods1.cpp
  Generics28.cpp
  Microsoft.MixedReality.Toolkit.SDK_CodeGen.c
  Generics36.cpp
  Generics41.cpp
  Generics35.cpp
  Microsoft.MixedReality.Toolkit.Services.InputSimulation.cpp
  Generics7.cpp
  Il2CppGenericComDefinitions.cpp
  SamplesScripts.cpp
  GenericMethods3.cpp
  I18N.Rare.cpp
  Generics6.cpp
  Microsoft.MixedReality.Toolkit_CodeGen.c
  Il2CppComCallableWrappers40.cpp
  Vuforia.UnityExtensions4.cpp
  Vuforia.UnityExtensions_CodeGen.c
  WindowsRuntimeMetadata.cpp
  UnityEngine.IMGUIModule.cpp
  Microsoft.MixedReality.Toolkit.Services.SceneSystem.cpp
  UnityEngine.CoreModule_CodeGen.c
  Il2CppCompilerCalculateTypeValuesTable.cpp
  UnityEngine.VRModule.cpp
  Microsoft.MixedReality.Toolkit.SDK7.cpp
  Microsoft.MixedReality.Toolkit.Providers.XRSDK.cpp
  Il2CppProjectedComCallableWrapperMethods6.cpp
  UnityEngine.UI3.cpp
  I18N.CJK.cpp
  I18N.West.cpp
  Microsoft.MixedReality.Toolkit.Services.InputAnimation.cpp
  Generics72.cpp
  Microsoft.MixedReality.Toolkit.Services.DiagnosticsSystem.cpp
  UnityEngine.XRModule.cpp
  I18N.Rare1.cpp
  UnityEngine.UI_CodeGen.c
  UnityEngine.AndroidJNIModule.cpp
  I18N.cpp
  Microsoft.MixedReality.Toolkit.Providers.WindowsVoiceInput.cpp
  Microsoft.MixedReality.Toolkit5.cpp
  char-conversions.cpp
  Unity.TextMeshPro_CodeGen.c
  UnityEngine.UnityWebRequestModule.cpp
  Microsoft.MixedReality.Toolkit.Providers.XRSDK.WindowsMixedReality.cpp
  Microsoft.MixedReality.Toolkit.Services.InputSystem1.cpp
  Microsoft.MixedReality.Toolkit.Providers.WindowsMixedReality.Shared.cpp
  Microsoft.MixedReality.Toolkit.Async.cpp
  System.Runtime.WindowsRuntime.cpp
  I18N.Other.cpp
  UnityEngine.TextCoreModule.cpp
  System2.cpp
  mscorlib18.cpp
  VuforiaScripts.cpp
  I18N.MidEast.cpp
  System_CodeGen.c
  UnityEngine.TerrainModule.cpp
  UnityEngine.AnimationModule.cpp
  UnityEngine.UIElementsModule1.cpp
  UnityEngine.UIModule.cpp
  UnityEngine.UIElementsModule_CodeGen.c
  UnityEngine.PhysicsModule.cpp
  UnityEngine.TextRenderingModule.cpp
  Microsoft.MixedReality.Toolkit.Services.TeleportSystem.cpp
  Microsoft.MixedReality.Toolkit.Services.SpatialAwarenessSystem.cpp
  UnityEngine.SharedInternalsModule.cpp
  System.Numerics.cpp
  UnityEngine.Physics2DModule.cpp
  Microsoft.MixedReality.Toolkit.Services.InputSystem_CodeGen.c
  WindowsRuntimeMetadata_CodeGen.c
  Microsoft.MixedReality.Toolkit.Services.CameraSystem.cpp
  UnityEngine.ParticleSystemModule.cpp
  UnityEngine.AudioModule.cpp
  UnityEngine.IMGUIModule_CodeGen.c
  Microsoft.MixedReality.Toolkit.Services.InputSimulation_CodeGen.c
  UnityEngine.InputLegacyModule.cpp
  Microsoft.MixedReality.Toolkit.Providers.WindowsMixedReality_CodeGen.c
  UnityEngine.SubsystemsModule.cpp
  Mono.Security.cpp
  UnityEngine.VRModule_CodeGen.c
  UnityEngine.TilemapModule.cpp
  I18N.Rare_CodeGen.c
  Microsoft.MixedReality.Toolkit.Gltf_CodeGen.c
  Microsoft.MixedReality.Toolkit.Services.BoundarySystem.cpp
  deflate.c
  UnityEngine.UnityAnalyticsModule.cpp
  UnityEngine.VideoModule.cpp
  UnityEngine.AndroidJNIModule_CodeGen.c
  I18N.CJK_CodeGen.c
  UnityEngine.VFXModule.cpp
  System.Configuration.cpp
  Microsoft.MixedReality.Toolkit.Services.SceneSystem_CodeGen.c
  Assembly-CSharp_CodeGen.c
  CommonScripts_CodeGen.c
  inflate.c
  trees.c
  UnityEngine.InputModule.cpp
  System.Core_CodeGen.c
  UnityEngine.PhysicsModule_CodeGen.c
  SamplesScripts_CodeGen.c
  Microsoft.MixedReality.Toolkit.Services.InputAnimation_CodeGen.c
  System.Runtime.WindowsRuntime_CodeGen.c
  Microsoft.MixedReality.Toolkit.Async_CodeGen.c
  Microsoft.MixedReality.Toolkit.Services.DiagnosticsSystem_CodeGen.c
  UnityEngine.UnityWebRequestModule_CodeGen.c
  UnityEngine.TextCoreModule_CodeGen.c
  UnityEngine.XRModule_CodeGen.c
  UnityEngine.JSONSerializeModule.cpp
  xamarin_getifaddrs.c
  I18N_CodeGen.c
  UnityEngine.AssetBundleModule.cpp
  UnityEngine.AnimationModule_CodeGen.c
  System.Core.cpp
  UnityEngine.UIModule_CodeGen.c
  I18N.West_CodeGen.c
  System.Runtime.WindowsRuntime.UI.Xaml.cpp
  I18N.Other_CodeGen.c
  UnityEngine.ParticleSystemModule_CodeGen.c
  gzread.c
C:\Users\colin\Documents\GitHub\AR-Craft-Worker-Trainer\Hololens Pipe Model\Builds2\Il2CppOutputProject\IL2CPP\external\zlib\gzread.c(319): warning C4267: '=': conversion from 'size_t' to 'unsigned int', possible loss of data
C:\Users\colin\Documents\GitHub\AR-Craft-Worker-Trainer\Hololens Pipe Model\Builds2\Il2CppOutputProject\IL2CPP\external\zlib\gzread.c(400): warning C4267: '=': conversion from 'size_t' to 'unsigned int', possible loss of data
C:\Users\colin\Documents\GitHub\AR-Craft-Worker-Trainer\Hololens Pipe Model\Builds2\Il2CppOutputProject\IL2CPP\external\zlib\gzread.c(472): warning C4267: '=': conversion from 'size_t' to 'int', possible loss of data
  gzwrite.c
C:\Users\colin\Documents\GitHub\AR-Craft-Worker-Trainer\Hololens Pipe Model\Builds2\Il2CppOutputProject\IL2CPP\external\zlib\gzwrite.c(212): warning C4267: '=': conversion from 'size_t' to 'unsigned int', possible loss of data
C:\Users\colin\Documents\GitHub\AR-Craft-Worker-Trainer\Hololens Pipe Model\Builds2\Il2CppOutputProject\IL2CPP\external\zlib\gzwrite.c(232): warning C4267: '=': conversion from 'size_t' to 'unsigned int', possible loss of data
C:\Users\colin\Documents\GitHub\AR-Craft-Worker-Trainer\Hololens Pipe Model\Builds2\Il2CppOutputProject\IL2CPP\external\zlib\gzwrite.c(371): warning C4267: '=': conversion from 'size_t' to 'int', possible loss of data
  UnityEngine.AIModule.cpp
  infback.c
  Microsoft.MixedReality.Toolkit.Providers.XRSDK_CodeGen.c
  Microsoft.MixedReality.Toolkit.Providers.WindowsVoiceInput_CodeGen.c
  UnityEngine.DirectorModule.cpp
  UnityEngine.AudioModule_CodeGen.c
  UnityEngine.SharedInternalsModule_CodeGen.c
  UnityEngine.TextRenderingModule_CodeGen.c
  Microsoft.MixedReality.Toolkit.Providers.WindowsMixedReality.Shared_CodeGen.c
  UnityEngine.Physics2DModule_CodeGen.c
  UnityEngine.TerrainModule_CodeGen.c
  gzlib.c
  il2cpp-api.cpp
  Microsoft.MixedReality.Toolkit.Providers.XRSDK.WindowsMixedReality_CodeGen.c
  crc32.c
  inftrees.c
  inffast.c
  UnityEngine.InputLegacyModule_CodeGen.c
  I18N.MidEast_CodeGen.c
  VuforiaScripts_CodeGen.c
  Microsoft.MixedReality.Toolkit.Services.SpatialAwarenessSystem_CodeGen.c
  System.Numerics_CodeGen.c
  Microsoft.MixedReality.Toolkit.Services.TeleportSystem_CodeGen.c
  Il2CppCodeRegistration.cpp
  UnityEngine.TilemapModule_CodeGen.c
  UnityEngine.VideoModule_CodeGen.c
  UnityEngine.SubsystemsModule_CodeGen.c
  zutil.c
  Microsoft.MixedReality.Toolkit.Services.CameraSystem_CodeGen.c
  UnityEngine.ImageConversionModule.cpp
  UnityEngine.UnityAnalyticsModule_CodeGen.c
  System.Configuration_CodeGen.c
  Mono.Security_CodeGen.c
  UnityEngine.VFXModule_CodeGen.c
  UnityEngine.InputModule_CodeGen.c
  System.Xml.cpp
  Microsoft.MixedReality.Toolkit.Services.BoundarySystem_CodeGen.c
  adler32.c
  UnityEngine.GridModule.cpp
  uncompr.c
  compress.c
  System.Runtime.WindowsRuntime.UI.Xaml_CodeGen.c
  UnityEngine.JSONSerializeModule_CodeGen.c
  UnityEngine.AIModule_CodeGen.c
  UnityAdsStubs.cpp
  Il2CppReversePInvokeWrapperTable.cpp
  krait_signal_handler.c
  UnityEngine.AssetBundleModule_CodeGen.c
  UnityEngine.DirectorModule_CodeGen.c
  UnityEngine.ImageConversionModule_CodeGen.c
  Il2CppMetadataRegistration.c
  System.Numerics.Vectors.cpp
  System.Runtime.InteropServices.WindowsRuntime.cpp
  System.ObjectModel.cpp
  System.Runtime.cpp
  UnityEngine.cpp
  Lump_libil2cpp_utils.cpp
  Lump_libil2cpp_metadata.cpp
  System.Xml_CodeGen.c
  il2cpp-benchmark-support.cpp
  Lump_libil2cpp_icalls.cpp
C:\Users\colin\Documents\GitHub\AR-Craft-Worker-Trainer\Hololens Pipe Model\Builds2\Il2CppOutputProject\IL2CPP\libil2cpp\icalls\mscorlib\System\Type.cpp(282): warning C4834: discarding return value of function with 'nodiscard' attribute
  UnityEngine.GridModule_CodeGen.c
  gzclose.c
  gc.c
  System.Runtime.InteropServices.WindowsRuntime_CodeGen.c
  System.Runtime_CodeGen.c
  UnityEngine_CodeGen.c
  System.Numerics.Vectors_CodeGen.c
  System.ObjectModel_CodeGen.c
  Lump_libil2cpp_mono-runtime.cpp
  Lump_libil2cpp_mono.cpp
  il2cpp-runtime-stats.cpp
  Lump_libil2cpp_debugger.cpp
  Lump_libil2cpp_vm-utils.cpp
  Lump_libil2cpp_codegen.cpp
  Lump_libil2cpp_gc.cpp
  Lump_libil2cpp_os.cpp
  Lump_libil2cpp_vm.cpp
  ObjectFiles: 386 of which compiled: 386
  	Time Compile: 16742 milliseconds mscorlib5.cpp
  	Time Compile: 14387 milliseconds Unity.TextMeshPro2.cpp
  	Time Compile: 13635 milliseconds Unity.TextMeshPro3.cpp
  	Time Compile: 13373 milliseconds Il2CppComCallableWrappers20.cpp
  	Time Compile: 13360 milliseconds Il2CppComCallableWrappers19.cpp
  	Time Compile: 12930 milliseconds System.cpp
  	Time Compile: 12156 milliseconds Il2CppComCallableWrappers25.cpp
  	Time Compile: 11435 milliseconds Il2CppComCallableWrappers31.cpp
  	Time Compile: 11284 milliseconds Il2CppComCallableWrappers38.cpp
  	Time Compile: 10891 milliseconds Il2CppTypeDefinitions.c
  Total compilation time: 120477 milliseconds.
  Creating library C:\Users\colin\Documents\GitHub\AR-Craft-Worker-Trainer\Hololens Pipe Model\Builds2\build\obj\il2cppOutputProject\ARM64\Release\linkresult_94805EF0A11AD1B4488C5074AADC5F0C\GameAssembly.lib and object C:\Users\colin\Documents\GitHub\AR-Craft-Worker-Trainer\Hololens Pipe Model\Builds2\build\obj\il2cppOutputProject\ARM64\Release\linkresult_94805EF0A11AD1B4488C5074AADC5F0C\GameAssembly.exp
  Total link time: 8882 milliseconds.
  Cleaned up 2 object files.
